[0m[[0minfo[0m] [0m[32mHW1Spec:[0m[0m
[0m[[0minfo[0m] [0m[32mabs[0m[0m
[0m[[0minfo[0m] [0m[31m- should evaluate to the absolute value of the argument *** FAILED ***[0m[0m
[0m[[0minfo[0m] [0m[31m  scala.NotImplementedError: an implementation is missing[0m[0m
[0m[[0minfo[0m] [0m[31m  at scala.Predef$.$qmark$qmark$qmark(Predef.scala:225)[0m[0m
[0m[[0minfo[0m] [0m[31m  at HW1$.abs(HW1.scala:76)[0m[0m
[0m[[0minfo[0m] [0m[31m  at HW1Spec$$anonfun$1.apply$mcV$sp(HW1Spec.scala:10)[0m[0m
[0m[[0minfo[0m] [0m[31m  at HW1Spec$$anonfun$1.apply(HW1Spec.scala:9)[0m[0m
[0m[[0minfo[0m] [0m[31m  at HW1Spec$$anonfun$1.apply(HW1Spec.scala:9)[0m[0m
[0m[[0minfo[0m] [0m[31m  at org.scalatest.Transformer$$anonfun$apply$1.apply$mcV$sp(Transformer.scala:22)[0m[0m
[0m[[0minfo[0m] [0m[31m  at org.scalatest.OutcomeOf$class.outcomeOf(OutcomeOf.scala:85)[0m[0m
[0m[[0minfo[0m] [0m[31m  at org.scalatest.OutcomeOf$.outcomeOf(OutcomeOf.scala:104)[0m[0m
[0m[[0minfo[0m] [0m[31m  at org.scalatest.Transformer.apply(Transformer.scala:22)[0m[0m
[0m[[0minfo[0m] [0m[31m  at org.scalatest.Transformer.apply(Transformer.scala:20)[0m[0m
[0m[[0minfo[0m] [0m[31m  ...[0m[0m
[0m[[0minfo[0m] [0m[32mswap[0m[0m
[0m[[0minfo[0m] [0m[31m- should should swap the components of its argument *** FAILED ***[0m[0m
[0m[[0minfo[0m] [0m[31m  scala.NotImplementedError: an implementation is missing[0m[0m
[0m[[0minfo[0m] [0m[31m  at scala.Predef$.$qmark$qmark$qmark(Predef.scala:225)[0m[0m
[0m[[0minfo[0m] [0m[31m  at HW1$.swap(HW1.scala:78)[0m[0m
[0m[[0minfo[0m] [0m[31m  at HW1Spec$$anonfun$2.apply$mcV$sp(HW1Spec.scala:18)[0m[0m
[0m[[0minfo[0m] [0m[31m  at HW1Spec$$anonfun$2.apply(HW1Spec.scala:17)[0m[0m
[0m[[0minfo[0m] [0m[31m  at HW1Spec$$anonfun$2.apply(HW1Spec.scala:17)[0m[0m
[0m[[0minfo[0m] [0m[31m  at org.scalatest.Transformer$$anonfun$apply$1.apply$mcV$sp(Transformer.scala:22)[0m[0m
[0m[[0minfo[0m] [0m[31m  at org.scalatest.OutcomeOf$class.outcomeOf(OutcomeOf.scala:85)[0m[0m
[0m[[0minfo[0m] [0m[31m  at org.scalatest.OutcomeOf$.outcomeOf(OutcomeOf.scala:104)[0m[0m
[0m[[0minfo[0m] [0m[31m  at org.scalatest.Transformer.apply(Transformer.scala:22)[0m[0m
[0m[[0minfo[0m] [0m[31m  at org.scalatest.Transformer.apply(Transformer.scala:20)[0m[0m
[0m[[0minfo[0m] [0m[31m  ...[0m[0m
[0m[[0minfo[0m] [0m[32mrepeat[0m[0m
[0m[[0minfo[0m] [0m[31m- should evaluate to repeated concatenation of a string *** FAILED ***[0m[0m
[0m[[0minfo[0m] [0m[31m  scala.NotImplementedError: an implementation is missing[0m[0m
[0m[[0minfo[0m] [0m[31m  at scala.Predef$.$qmark$qmark$qmark(Predef.scala:225)[0m[0m
[0m[[0minfo[0m] [0m[31m  at HW1$.repeat(HW1.scala:80)[0m[0m
[0m[[0minfo[0m] [0m[31m  at HW1Spec$$anonfun$3.apply$mcV$sp(HW1Spec.scala:26)[0m[0m
[0m[[0minfo[0m] [0m[31m  at HW1Spec$$anonfun$3.apply(HW1Spec.scala:25)[0m[0m
[0m[[0minfo[0m] [0m[31m  at HW1Spec$$anonfun$3.apply(HW1Spec.scala:25)[0m[0m
[0m[[0minfo[0m] [0m[31m  at org.scalatest.Transformer$$anonfun$apply$1.apply$mcV$sp(Transformer.scala:22)[0m[0m
[0m[[0minfo[0m] [0m[31m  at org.scalatest.OutcomeOf$class.outcomeOf(OutcomeOf.scala:85)[0m[0m
[0m[[0minfo[0m] [0m[31m  at org.scalatest.OutcomeOf$.outcomeOf(OutcomeOf.scala:104)[0m[0m
[0m[[0minfo[0m] [0m[31m  at org.scalatest.Transformer.apply(Transformer.scala:22)[0m[0m
[0m[[0minfo[0m] [0m[31m  at org.scalatest.Transformer.apply(Transformer.scala:20)[0m[0m
[0m[[0minfo[0m] [0m[31m  ...[0m[0m
[0m[[0minfo[0m] [0m[32mrepeat[0m[0m
[0m[[0minfo[0m] [0m[31m- should evaluate to an empty string when repeated zero times *** FAILED ***[0m[0m
[0m[[0minfo[0m] [0m[31m  scala.NotImplementedError: an implementation is missing[0m[0m
[0m[[0minfo[0m] [0m[31m  at scala.Predef$.$qmark$qmark$qmark(Predef.scala:225)[0m[0m
[0m[[0minfo[0m] [0m[31m  at HW1$.repeat(HW1.scala:80)[0m[0m
[0m[[0minfo[0m] [0m[31m  at HW1Spec$$anonfun$4.apply$mcV$sp(HW1Spec.scala:35)[0m[0m
[0m[[0minfo[0m] [0m[31m  at HW1Spec$$anonfun$4.apply(HW1Spec.scala:34)[0m[0m
[0m[[0minfo[0m] [0m[31m  at HW1Spec$$anonfun$4.apply(HW1Spec.scala:34)[0m[0m
[0m[[0minfo[0m] [0m[31m  at org.scalatest.Transformer$$anonfun$apply$1.apply$mcV$sp(Transformer.scala:22)[0m[0m
[0m[[0minfo[0m] [0m[31m  at org.scalatest.OutcomeOf$class.outcomeOf(OutcomeOf.scala:85)[0m[0m
[0m[[0minfo[0m] [0m[31m  at org.scalatest.OutcomeOf$.outcomeOf(OutcomeOf.scala:104)[0m[0m
[0m[[0minfo[0m] [0m[31m  at org.scalatest.Transformer.apply(Transformer.scala:22)[0m[0m
[0m[[0minfo[0m] [0m[31m  at org.scalatest.Transformer.apply(Transformer.scala:20)[0m[0m
[0m[[0minfo[0m] [0m[31m  ...[0m[0m
[0m[[0minfo[0m] [0m[32mrepeat[0m[0m
[0m[[0minfo[0m] [0m[31m- should throw an exception when a negative number of repetitions is expected *** FAILED ***[0m[0m
[0m[[0minfo[0m] [0m[31m  Expected exception java.lang.IllegalArgumentException to be thrown, but scala.NotImplementedError was thrown. (HW1Spec.scala:42)[0m[0m
[0m[[0minfo[0m] [0m[32msqrtStep[0m[0m
[0m[[0minfo[0m] [0m[31m- should evaluate to one iteration of Newton's method *** FAILED ***[0m[0m
[0m[[0minfo[0m] [0m[31m  scala.NotImplementedError: an implementation is missing[0m[0m
[0m[[0minfo[0m] [0m[31m  at scala.Predef$.$qmark$qmark$qmark(Predef.scala:225)[0m[0m
[0m[[0minfo[0m] [0m[31m  at HW1$.sqrtStep(HW1.scala:82)[0m[0m
[0m[[0minfo[0m] [0m[31m  at HW1Spec$$anonfun$6.apply$mcV$sp(HW1Spec.scala:50)[0m[0m
[0m[[0minfo[0m] [0m[31m  at HW1Spec$$anonfun$6.apply(HW1Spec.scala:49)[0m[0m
[0m[[0minfo[0m] [0m[31m  at HW1Spec$$anonfun$6.apply(HW1Spec.scala:49)[0m[0m
[0m[[0minfo[0m] [0m[31m  at org.scalatest.Transformer$$anonfun$apply$1.apply$mcV$sp(Transformer.scala:22)[0m[0m
[0m[[0minfo[0m] [0m[31m  at org.scalatest.OutcomeOf$class.outcomeOf(OutcomeOf.scala:85)[0m[0m
[0m[[0minfo[0m] [0m[31m  at org.scalatest.OutcomeOf$.outcomeOf(OutcomeOf.scala:104)[0m[0m
[0m[[0minfo[0m] [0m[31m  at org.scalatest.Transformer.apply(Transformer.scala:22)[0m[0m
[0m[[0minfo[0m] [0m[31m  at org.scalatest.Transformer.apply(Transformer.scala:20)[0m[0m
[0m[[0minfo[0m] [0m[31m  ...[0m[0m
[0m[[0minfo[0m] [0m[32msqrtN[0m[0m
[0m[[0minfo[0m] [0m[31m- should perform several iterations of sqrtStep *** FAILED ***[0m[0m
[0m[[0minfo[0m] [0m[31m  scala.NotImplementedError: an implementation is missing[0m[0m
[0m[[0minfo[0m] [0m[31m  at scala.Predef$.$qmark$qmark$qmark(Predef.scala:225)[0m[0m
[0m[[0minfo[0m] [0m[31m  at HW1$.sqrtN(HW1.scala:84)[0m[0m
[0m[[0minfo[0m] [0m[31m  at HW1Spec$$anonfun$7.apply$mcV$sp(HW1Spec.scala:56)[0m[0m
[0m[[0minfo[0m] [0m[31m  at HW1Spec$$anonfun$7.apply(HW1Spec.scala:55)[0m[0m
[0m[[0minfo[0m] [0m[31m  at HW1Spec$$anonfun$7.apply(HW1Spec.scala:55)[0m[0m
[0m[[0minfo[0m] [0m[31m  at org.scalatest.Transformer$$anonfun$apply$1.apply$mcV$sp(Transformer.scala:22)[0m[0m
[0m[[0minfo[0m] [0m[31m  at org.scalatest.OutcomeOf$class.outcomeOf(OutcomeOf.scala:85)[0m[0m
[0m[[0minfo[0m] [0m[31m  at org.scalatest.OutcomeOf$.outcomeOf(OutcomeOf.scala:104)[0m[0m
[0m[[0minfo[0m] [0m[31m  at org.scalatest.Transformer.apply(Transformer.scala:22)[0m[0m
[0m[[0minfo[0m] [0m[31m  at org.scalatest.Transformer.apply(Transformer.scala:20)[0m[0m
[0m[[0minfo[0m] [0m[31m  ...[0m[0m
[0m[[0minfo[0m] [0m[32msqrtN[0m[0m
[0m[[0minfo[0m] [0m[31m- should evaluate to x0 if n is zero *** FAILED ***[0m[0m
[0m[[0minfo[0m] [0m[31m  scala.NotImplementedError: an implementation is missing[0m[0m
[0m[[0minfo[0m] [0m[31m  at scala.Predef$.$qmark$qmark$qmark(Predef.scala:225)[0m[0m
[0m[[0minfo[0m] [0m[31m  at HW1$.sqrtN(HW1.scala:84)[0m[0m
[0m[[0minfo[0m] [0m[31m  at HW1Spec$$anonfun$8.apply$mcV$sp(HW1Spec.scala:63)[0m[0m
[0m[[0minfo[0m] [0m[31m  at HW1Spec$$anonfun$8.apply(HW1Spec.scala:62)[0m[0m
[0m[[0minfo[0m] [0m[31m  at HW1Spec$$anonfun$8.apply(HW1Spec.scala:62)[0m[0m
[0m[[0minfo[0m] [0m[31m  at org.scalatest.Transformer$$anonfun$apply$1.apply$mcV$sp(Transformer.scala:22)[0m[0m
[0m[[0minfo[0m] [0m[31m  at org.scalatest.OutcomeOf$class.outcomeOf(OutcomeOf.scala:85)[0m[0m
[0m[[0minfo[0m] [0m[31m  at org.scalatest.OutcomeOf$.outcomeOf(OutcomeOf.scala:104)[0m[0m
[0m[[0minfo[0m] [0m[31m  at org.scalatest.Transformer.apply(Transformer.scala:22)[0m[0m
[0m[[0minfo[0m] [0m[31m  at org.scalatest.Transformer.apply(Transformer.scala:20)[0m[0m
[0m[[0minfo[0m] [0m[31m  ...[0m[0m
[0m[[0minfo[0m] [0m[32msqrtErr[0m[0m
[0m[[0minfo[0m] [0m[31m- should perform iterations until the error is within epsilon *** FAILED ***[0m[0m
[0m[[0minfo[0m] [0m[31m  scala.NotImplementedError: an implementation is missing[0m[0m
[0m[[0minfo[0m] [0m[31m  at scala.Predef$.$qmark$qmark$qmark(Predef.scala:225)[0m[0m
[0m[[0minfo[0m] [0m[31m  at HW1$.sqrtErr(HW1.scala:87)[0m[0m
[0m[[0minfo[0m] [0m[31m  at HW1Spec$$anonfun$9.apply$mcV$sp(HW1Spec.scala:68)[0m[0m
[0m[[0minfo[0m] [0m[31m  at HW1Spec$$anonfun$9.apply(HW1Spec.scala:67)[0m[0m
[0m[[0minfo[0m] [0m[31m  at HW1Spec$$anonfun$9.apply(HW1Spec.scala:67)[0m[0m
[0m[[0minfo[0m] [0m[31m  at org.scalatest.Transformer$$anonfun$apply$1.apply$mcV$sp(Transformer.scala:22)[0m[0m
[0m[[0minfo[0m] [0m[31m  at org.scalatest.OutcomeOf$class.outcomeOf(OutcomeOf.scala:85)[0m[0m
[0m[[0minfo[0m] [0m[31m  at org.scalatest.OutcomeOf$.outcomeOf(OutcomeOf.scala:104)[0m[0m
[0m[[0minfo[0m] [0m[31m  at org.scalatest.Transformer.apply(Transformer.scala:22)[0m[0m
[0m[[0minfo[0m] [0m[31m  at org.scalatest.Transformer.apply(Transformer.scala:20)[0m[0m
[0m[[0minfo[0m] [0m[31m  ...[0m[0m
[0m[[0minfo[0m] [0m[32msqrtN[0m[0m
[0m[[0minfo[0m] [0m[31m- should throw an exception when n is negative *** FAILED ***[0m[0m
[0m[[0minfo[0m] [0m[31m  Expected exception java.lang.IllegalArgumentException to be thrown, but scala.NotImplementedError was thrown. (HW1Spec.scala:77)[0m[0m
[0m[[0minfo[0m] [0m[32msqrtErr[0m[0m
[0m[[0minfo[0m] [0m[31m- should throw an exception when using a non-positive epsilon *** FAILED ***[0m[0m
[0m[[0minfo[0m] [0m[31m  Expected exception java.lang.IllegalArgumentException to be thrown, but scala.NotImplementedError was thrown. (HW1Spec.scala:83)[0m[0m
[0m[[0minfo[0m] [0m[32mrepOk[0m[0m
[0m[[0minfo[0m] [0m[31m- should ensure that a BSTree is properly ordered *** FAILED ***[0m[0m
[0m[[0minfo[0m] [0m[31m  scala.NotImplementedError: an implementation is missing[0m[0m
[0m[[0minfo[0m] [0m[31m  at scala.Predef$.$qmark$qmark$qmark(Predef.scala:225)[0m[0m
[0m[[0minfo[0m] [0m[31m  at HW1$.check$1(HW1.scala:103)[0m[0m
[0m[[0minfo[0m] [0m[31m  at HW1$.repOk(HW1.scala:105)[0m[0m
[0m[[0minfo[0m] [0m[31m  at HW1Spec$$anonfun$12.apply$mcV$sp(HW1Spec.scala:109)[0m[0m
[0m[[0minfo[0m] [0m[31m  at HW1Spec$$anonfun$12.apply(HW1Spec.scala:107)[0m[0m
[0m[[0minfo[0m] [0m[31m  at HW1Spec$$anonfun$12.apply(HW1Spec.scala:107)[0m[0m
[0m[[0minfo[0m] [0m[31m  at org.scalatest.Transformer$$anonfun$apply$1.apply$mcV$sp(Transformer.scala:22)[0m[0m
[0m[[0minfo[0m] [0m[31m  at org.scalatest.OutcomeOf$class.outcomeOf(OutcomeOf.scala:85)[0m[0m
[0m[[0minfo[0m] [0m[31m  at org.scalatest.OutcomeOf$.outcomeOf(OutcomeOf.scala:104)[0m[0m
[0m[[0minfo[0m] [0m[31m  at org.scalatest.Transformer.apply(Transformer.scala:22)[0m[0m
[0m[[0minfo[0m] [0m[31m  ...[0m[0m
[0m[[0minfo[0m] [0m[32minsert[0m[0m
[0m[[0minfo[0m] [0m[31m- should insert numbers as leaves in BSTrees at the proper position *** FAILED ***[0m[0m
[0m[[0minfo[0m] [0m[31m  scala.NotImplementedError: an implementation is missing[0m[0m
[0m[[0minfo[0m] [0m[31m  at scala.Predef$.$qmark$qmark$qmark(Predef.scala:225)[0m[0m
[0m[[0minfo[0m] [0m[31m  at HW1$.insert(HW1.scala:108)[0m[0m
[0m[[0minfo[0m] [0m[31m  at HW1Spec$$anonfun$13.apply$mcV$sp(HW1Spec.scala:119)[0m[0m
[0m[[0minfo[0m] [0m[31m  at HW1Spec$$anonfun$13.apply(HW1Spec.scala:118)[0m[0m
[0m[[0minfo[0m] [0m[31m  at HW1Spec$$anonfun$13.apply(HW1Spec.scala:118)[0m[0m
[0m[[0minfo[0m] [0m[31m  at org.scalatest.Transformer$$anonfun$apply$1.apply$mcV$sp(Transformer.scala:22)[0m[0m
[0m[[0minfo[0m] [0m[31m  at org.scalatest.OutcomeOf$class.outcomeOf(OutcomeOf.scala:85)[0m[0m
[0m[[0minfo[0m] [0m[31m  at org.scalatest.OutcomeOf$.outcomeOf(OutcomeOf.scala:104)[0m[0m
[0m[[0minfo[0m] [0m[31m  at org.scalatest.Transformer.apply(Transformer.scala:22)[0m[0m
[0m[[0minfo[0m] [0m[31m  at org.scalatest.Transformer.apply(Transformer.scala:20)[0m[0m
[0m[[0minfo[0m] [0m[31m  ...[0m[0m
[0m[[0minfo[0m] [0m[32mdeleteMin[0m[0m
[0m[[0minfo[0m] [0m[31m- should remove the smallest value from a tree, and provide the resulting tree *** FAILED ***[0m[0m
[0m[[0minfo[0m] [0m[31m  scala.NotImplementedError: an implementation is missing[0m[0m
[0m[[0minfo[0m] [0m[31m  at scala.Predef$.$qmark$qmark$qmark(Predef.scala:225)[0m[0m
[0m[[0minfo[0m] [0m[31m  at HW1$.deleteMin(HW1.scala:116)[0m[0m
[0m[[0minfo[0m] [0m[31m  at HW1Spec$$anonfun$14.apply$mcV$sp(HW1Spec.scala:131)[0m[0m
[0m[[0minfo[0m] [0m[31m  at HW1Spec$$anonfun$14.apply(HW1Spec.scala:127)[0m[0m
[0m[[0minfo[0m] [0m[31m  at HW1Spec$$anonfun$14.apply(HW1Spec.scala:127)[0m[0m
[0m[[0minfo[0m] [0m[31m  at org.scalatest.Transformer$$anonfun$apply$1.apply$mcV$sp(Transformer.scala:22)[0m[0m
[0m[[0minfo[0m] [0m[31m  at org.scalatest.OutcomeOf$class.outcomeOf(OutcomeOf.scala:85)[0m[0m
[0m[[0minfo[0m] [0m[31m  at org.scalatest.OutcomeOf$.outcomeOf(OutcomeOf.scala:104)[0m[0m
[0m[[0minfo[0m] [0m[31m  at org.scalatest.Transformer.apply(Transformer.scala:22)[0m[0m
[0m[[0minfo[0m] [0m[31m  at org.scalatest.Transformer.apply(Transformer.scala:20)[0m[0m
[0m[[0minfo[0m] [0m[31m  ...[0m[0m
[0m[[0minfo[0m] [0m[32mdelete[0m[0m
[0m[[0minfo[0m] [0m[31m- should remove a given value from a tree, if present *** FAILED ***[0m[0m
[0m[[0minfo[0m] [0m[31m  scala.NotImplementedError: an implementation is missing[0m[0m
[0m[[0minfo[0m] [0m[31m  at scala.Predef$.$qmark$qmark$qmark(Predef.scala:225)[0m[0m
[0m[[0minfo[0m] [0m[31m  at HW1$.delete(HW1.scala:120)[0m[0m
[0m[[0minfo[0m] [0m[31m  at HW1Spec$$anonfun$15.apply$mcV$sp(HW1Spec.scala:137)[0m[0m
[0m[[0minfo[0m] [0m[31m  at HW1Spec$$anonfun$15.apply(HW1Spec.scala:136)[0m[0m
[0m[[0minfo[0m] [0m[31m  at HW1Spec$$anonfun$15.apply(HW1Spec.scala:136)[0m[0m
[0m[[0minfo[0m] [0m[31m  at org.scalatest.Transformer$$anonfun$apply$1.apply$mcV$sp(Transformer.scala:22)[0m[0m
[0m[[0minfo[0m] [0m[31m  at org.scalatest.OutcomeOf$class.outcomeOf(OutcomeOf.scala:85)[0m[0m
[0m[[0minfo[0m] [0m[31m  at org.scalatest.OutcomeOf$.outcomeOf(OutcomeOf.scala:104)[0m[0m
[0m[[0minfo[0m] [0m[31m  at org.scalatest.Transformer.apply(Transformer.scala:22)[0m[0m
[0m[[0minfo[0m] [0m[31m  at org.scalatest.Transformer.apply(Transformer.scala:20)[0m[0m
[0m[[0minfo[0m] [0m[31m  ...[0m[0m
[0m[[0minfo[0m] [0m[32minsert[0m[0m
[0m[[0minfo[0m] [0m[31m- should produce trees that satisfy repOk *** FAILED ***[0m[0m
[0m[[0minfo[0m] [0m[31m  scala.NotImplementedError: an implementation is missing[0m[0m
[0m[[0minfo[0m] [0m[31m  at scala.Predef$.$qmark$qmark$qmark(Predef.scala:225)[0m[0m
[0m[[0minfo[0m] [0m[31m  at HW1$.insert(HW1.scala:108)[0m[0m
[0m[[0minfo[0m] [0m[31m  at HW1Spec$$anonfun$treeFromList$1.apply(HW1Spec.scala:153)[0m[0m
[0m[[0minfo[0m] [0m[31m  at HW1Spec$$anonfun$treeFromList$1.apply(HW1Spec.scala:153)[0m[0m
[0m[[0minfo[0m] [0m[31m  at scala.collection.LinearSeqOptimized$class.foldLeft(LinearSeqOptimized.scala:124)[0m[0m
[0m[[0minfo[0m] [0m[31m  at scala.collection.immutable.List.foldLeft(List.scala:84)[0m[0m
[0m[[0minfo[0m] [0m[31m  at scala.collection.TraversableOnce$class.$div$colon(TraversableOnce.scala:136)[0m[0m
[0m[[0minfo[0m] [0m[31m  at scala.collection.AbstractTraversable.$div$colon(Traversable.scala:104)[0m[0m
[0m[[0minfo[0m] [0m[31m  at HW1Spec.treeFromList(HW1Spec.scala:153)[0m[0m
[0m[[0minfo[0m] [0m[31m  at HW1Spec$$anonfun$16.apply$mcV$sp(HW1Spec.scala:156)[0m[0m
[0m[[0minfo[0m] [0m[31m  ...[0m[0m
[0m[[0minfo[0m] [0m[32minsert-delete[0m[0m
[0m[[0minfo[0m] [0m[31m- should produce tress that satisfy repOk *** FAILED ***[0m[0m
[0m[[0minfo[0m] [0m[31m  scala.NotImplementedError: an implementation is missing[0m[0m
[0m[[0minfo[0m] [0m[31m  at scala.Predef$.$qmark$qmark$qmark(Predef.scala:225)[0m[0m
[0m[[0minfo[0m] [0m[31m  at HW1$.insert(HW1.scala:108)[0m[0m
[0m[[0minfo[0m] [0m[31m  at HW1Spec$$anonfun$17$$anonfun$23$$anonfun$apply$1.apply(HW1Spec.scala:163)[0m[0m
[0m[[0minfo[0m] [0m[31m  at HW1Spec$$anonfun$17$$anonfun$23$$anonfun$apply$1.apply(HW1Spec.scala:163)[0m[0m
[0m[[0minfo[0m] [0m[31m  at HW1Spec$$anonfun$17$$anonfun$apply$mcV$sp$5.apply(HW1Spec.scala:167)[0m[0m
[0m[[0minfo[0m] [0m[31m  at HW1Spec$$anonfun$17$$anonfun$apply$mcV$sp$5.apply(HW1Spec.scala:166)[0m[0m
[0m[[0minfo[0m] [0m[31m  at scala.collection.LinearSeqOptimized$class.foldLeft(LinearSeqOptimized.scala:124)[0m[0m
[0m[[0minfo[0m] [0m[31m  at scala.collection.immutable.List.foldLeft(List.scala:84)[0m[0m
[0m[[0minfo[0m] [0m[31m  at scala.collection.TraversableOnce$class.$div$colon(TraversableOnce.scala:136)[0m[0m
[0m[[0minfo[0m] [0m[31m  at scala.collection.AbstractTraversable.$div$colon(Traversable.scala:104)[0m[0m
[0m[[0minfo[0m] [0m[31m  ...[0m[0m
[0m[[0minfo[0m] [0m[32meval+[0m[0m
[0m[[0minfo[0m] [0m[31m- should perform addition *** FAILED ***[0m[0m
[0m[[0minfo[0m] [0m[31m  scala.NotImplementedError: an implementation is missing[0m[0m
[0m[[0minfo[0m] [0m[31m  at scala.Predef$.$qmark$qmark$qmark(Predef.scala:225)[0m[0m
[0m[[0minfo[0m] [0m[31m  at HW1$.eval(HW1.scala:126)[0m[0m
[0m[[0minfo[0m] [0m[31m  at HW1$.eval(HW1.scala:131)[0m[0m
[0m[[0minfo[0m] [0m[31m  at HW1Spec$$anonfun$18.apply$mcV$sp(HW1Spec.scala:177)[0m[0m
[0m[[0minfo[0m] [0m[31m  at HW1Spec$$anonfun$18.apply(HW1Spec.scala:177)[0m[0m
[0m[[0minfo[0m] [0m[31m  at HW1Spec$$anonfun$18.apply(HW1Spec.scala:177)[0m[0m
[0m[[0minfo[0m] [0m[31m  at org.scalatest.Transformer$$anonfun$apply$1.apply$mcV$sp(Transformer.scala:22)[0m[0m
[0m[[0minfo[0m] [0m[31m  at org.scalatest.OutcomeOf$class.outcomeOf(OutcomeOf.scala:85)[0m[0m
[0m[[0minfo[0m] [0m[31m  at org.scalatest.OutcomeOf$.outcomeOf(OutcomeOf.scala:104)[0m[0m
[0m[[0minfo[0m] [0m[31m  at org.scalatest.Transformer.apply(Transformer.scala:22)[0m[0m
[0m[[0minfo[0m] [0m[31m  ...[0m[0m
[0m[[0minfo[0m] [0m[32meval-[0m[0m
[0m[[0minfo[0m] [0m[31m- should perform subtraction *** FAILED ***[0m[0m
[0m[[0minfo[0m] [0m[31m  scala.NotImplementedError: an implementation is missing[0m[0m
[0m[[0minfo[0m] [0m[31m  at scala.Predef$.$qmark$qmark$qmark(Predef.scala:225)[0m[0m
[0m[[0minfo[0m] [0m[31m  at HW1$.eval(HW1.scala:126)[0m[0m
[0m[[0minfo[0m] [0m[31m  at HW1$.eval(HW1.scala:131)[0m[0m
[0m[[0minfo[0m] [0m[31m  at HW1Spec$$anonfun$19.apply$mcV$sp(HW1Spec.scala:181)[0m[0m
[0m[[0minfo[0m] [0m[31m  at HW1Spec$$anonfun$19.apply(HW1Spec.scala:181)[0m[0m
[0m[[0minfo[0m] [0m[31m  at HW1Spec$$anonfun$19.apply(HW1Spec.scala:181)[0m[0m
[0m[[0minfo[0m] [0m[31m  at org.scalatest.Transformer$$anonfun$apply$1.apply$mcV$sp(Transformer.scala:22)[0m[0m
[0m[[0minfo[0m] [0m[31m  at org.scalatest.OutcomeOf$class.outcomeOf(OutcomeOf.scala:85)[0m[0m
[0m[[0minfo[0m] [0m[31m  at org.scalatest.OutcomeOf$.outcomeOf(OutcomeOf.scala:104)[0m[0m
[0m[[0minfo[0m] [0m[31m  at org.scalatest.Transformer.apply(Transformer.scala:22)[0m[0m
[0m[[0minfo[0m] [0m[31m  ...[0m[0m
[0m[[0minfo[0m] [0m[32meval*[0m[0m
[0m[[0minfo[0m] [0m[31m- should perform multiplication *** FAILED ***[0m[0m
[0m[[0minfo[0m] [0m[31m  scala.NotImplementedError: an implementation is missing[0m[0m
[0m[[0minfo[0m] [0m[31m  at scala.Predef$.$qmark$qmark$qmark(Predef.scala:225)[0m[0m
[0m[[0minfo[0m] [0m[31m  at HW1$.eval(HW1.scala:126)[0m[0m
[0m[[0minfo[0m] [0m[31m  at HW1$.eval(HW1.scala:131)[0m[0m
[0m[[0minfo[0m] [0m[31m  at HW1Spec$$anonfun$20.apply$mcV$sp(HW1Spec.scala:185)[0m[0m
[0m[[0minfo[0m] [0m[31m  at HW1Spec$$anonfun$20.apply(HW1Spec.scala:185)[0m[0m
[0m[[0minfo[0m] [0m[31m  at HW1Spec$$anonfun$20.apply(HW1Spec.scala:185)[0m[0m
[0m[[0minfo[0m] [0m[31m  at org.scalatest.Transformer$$anonfun$apply$1.apply$mcV$sp(Transformer.scala:22)[0m[0m
[0m[[0minfo[0m] [0m[31m  at org.scalatest.OutcomeOf$class.outcomeOf(OutcomeOf.scala:85)[0m[0m
[0m[[0minfo[0m] [0m[31m  at org.scalatest.OutcomeOf$.outcomeOf(OutcomeOf.scala:104)[0m[0m
[0m[[0minfo[0m] [0m[31m  at org.scalatest.Transformer.apply(Transformer.scala:22)[0m[0m
[0m[[0minfo[0m] [0m[31m  ...[0m[0m
[0m[[0minfo[0m] [0m[32meval/[0m[0m
[0m[[0minfo[0m] [0m[31m- should perform division *** FAILED ***[0m[0m
[0m[[0minfo[0m] [0m[31m  scala.NotImplementedError: an implementation is missing[0m[0m
[0m[[0minfo[0m] [0m[31m  at scala.Predef$.$qmark$qmark$qmark(Predef.scala:225)[0m[0m
[0m[[0minfo[0m] [0m[31m  at HW1$.eval(HW1.scala:126)[0m[0m
[0m[[0minfo[0m] [0m[31m  at HW1$.eval(HW1.scala:131)[0m[0m
[0m[[0minfo[0m] [0m[31m  at HW1Spec$$anonfun$21.apply$mcV$sp(HW1Spec.scala:189)[0m[0m
[0m[[0minfo[0m] [0m[31m  at HW1Spec$$anonfun$21.apply(HW1Spec.scala:189)[0m[0m
[0m[[0minfo[0m] [0m[31m  at HW1Spec$$anonfun$21.apply(HW1Spec.scala:189)[0m[0m
[0m[[0minfo[0m] [0m[31m  at org.scalatest.Transformer$$anonfun$apply$1.apply$mcV$sp(Transformer.scala:22)[0m[0m
[0m[[0minfo[0m] [0m[31m  at org.scalatest.OutcomeOf$class.outcomeOf(OutcomeOf.scala:85)[0m[0m
[0m[[0minfo[0m] [0m[31m  at org.scalatest.OutcomeOf$.outcomeOf(OutcomeOf.scala:104)[0m[0m
[0m[[0minfo[0m] [0m[31m  at org.scalatest.Transformer.apply(Transformer.scala:22)[0m[0m
[0m[[0minfo[0m] [0m[31m  ...[0m[0m
[0m[[0minfo[0m] [0m[32meval/0[0m[0m
[0m[[0minfo[0m] [0m[31m- should division by 0 should yield Infinity *** FAILED ***[0m[0m
[0m[[0minfo[0m] [0m[31m  scala.NotImplementedError: an implementation is missing[0m[0m
[0m[[0minfo[0m] [0m[31m  at scala.Predef$.$qmark$qmark$qmark(Predef.scala:225)[0m[0m
[0m[[0minfo[0m] [0m[31m  at HW1$.eval(HW1.scala:126)[0m[0m
[0m[[0minfo[0m] [0m[31m  at HW1$.eval(HW1.scala:131)[0m[0m
[0m[[0minfo[0m] [0m[31m  at HW1Spec$$anonfun$22.apply$mcV$sp(HW1Spec.scala:193)[0m[0m
[0m[[0minfo[0m] [0m[31m  at HW1Spec$$anonfun$22.apply(HW1Spec.scala:192)[0m[0m
[0m[[0minfo[0m] [0m[31m  at HW1Spec$$anonfun$22.apply(HW1Spec.scala:192)[0m[0m
[0m[[0minfo[0m] [0m[31m  at org.scalatest.Transformer$$anonfun$apply$1.apply$mcV$sp(Transformer.scala:22)[0m[0m
[0m[[0minfo[0m] [0m[31m  at org.scalatest.OutcomeOf$class.outcomeOf(OutcomeOf.scala:85)[0m[0m
[0m[[0minfo[0m] [0m[31m  at org.scalatest.OutcomeOf$.outcomeOf(OutcomeOf.scala:104)[0m[0m
[0m[[0minfo[0m] [0m[31m  at org.scalatest.Transformer.apply(Transformer.scala:22)[0m[0m
[0m[[0minfo[0m] [0m[31m  ...[0m[0m
